220811 15:39:04  InnoDB: Started; log sequence number 0 342240693
220811 15:39:04 [Note] c:\mysql\bin\mysqld-nt.exe: ready for connections.
Version: '5.0.21-community-nt'  socket: ''  port: 6969  MySQL Community Edition (GPL)
220811 15:47:30  InnoDB: Database was not shut down normally!
InnoDB: Starting crash recovery.
InnoDB: Reading tablespace information from the .ibd files...
InnoDB: Restoring possible half-written data pages from the doublewrite
InnoDB: buffer...
220811 15:47:30  InnoDB: Starting log scan based on checkpoint at
InnoDB: log sequence number 0 342240703.
InnoDB: Doing recovery: scanned up to log sequence number 0 342240703
220811 15:47:30  InnoDB: Started; log sequence number 0 342240703
220811 15:47:30 [ERROR] Fatal error: Can't open and lock privilege tables: Table 'mysql.host' doesn't exist
220811 15:49:41  InnoDB: Database was not shut down normally!
InnoDB: Starting crash recovery.
InnoDB: Reading tablespace information from the .ibd files...
InnoDB: Restoring possible half-written data pages from the doublewrite
InnoDB: buffer...
220811 15:49:41  InnoDB: Starting log scan based on checkpoint at
InnoDB: log sequence number 0 342240703.
InnoDB: Doing recovery: scanned up to log sequence number 0 342240703
220811 15:49:41  InnoDB: Started; log sequence number 0 342240703
220811 15:49:41 [ERROR] Fatal error: Can't open and lock privilege tables: Table 'mysql.host' doesn't exist
220811 15:50:06  InnoDB: Database was not shut down normally!
InnoDB: Starting crash recovery.
InnoDB: Reading tablespace information from the .ibd files...
InnoDB: Restoring possible half-written data pages from the doublewrite
InnoDB: buffer...
220811 15:50:06  InnoDB: Starting log scan based on checkpoint at
InnoDB: log sequence number 0 342240703.
InnoDB: Doing recovery: scanned up to log sequence number 0 342240703
220811 15:50:06  InnoDB: Started; log sequence number 0 342240703
220811 15:50:06 [Note] c:\mysql\bin\mysqld-nt.exe: ready for connections.
Version: '5.0.21-community-nt'  socket: ''  port: 6969  MySQL Community Edition (GPL)
220811 16:08:02  InnoDB: Operating system error number 32 in a file operation.
InnoDB: Some operating system error numbers are described at
InnoDB: http://dev.mysql.com/doc/mysql/en/Operating_System_error_codes.html
InnoDB: File name .\ibdata1
InnoDB: File operation call: 'open'.
InnoDB: Cannot continue operation.
220811 16:08:38  InnoDB: Operating system error number 32 in a file operation.
InnoDB: Some operating system error numbers are described at
InnoDB: http://dev.mysql.com/doc/mysql/en/Operating_System_error_codes.html
InnoDB: File name .\ibdata1
InnoDB: File operation call: 'open'.
InnoDB: Cannot continue operation.
